<?xml version="1.0" encoding="UTF-8"?>
<testsuite xmlns:xsi="http://www.w3.org/2001/XMLSchema-instance" xsi:noNamespaceSchemaLocation="https://maven.apache.org/surefire/maven-surefire-plugin/xsd/surefire-test-report-3.0.xsd" version="3.0" name="com.pdftoolkit.processor.impl.SplitProcessorTest" time="0.142" tests="3" errors="0" skipped="0" failures="0">
  <properties>
[...]
</properties>
  <testcase name="pagesListProducesOneDocumentPerPage(Path)" classname="com.pdftoolkit.processor.impl.SplitProcessorTest" time="0.075"/>
  <testcase name="rangeProducesSingleDocumentWithRange(Path)" classname="com.pdftoolkit.processor.impl.SplitProcessorTest" time="0.033"/>
  <testcase name="everyPageBecomesOneDocument(Path)" classname="com.pdftoolkit.processor.impl.SplitProcessorTest" time="0.029"/>
</testsuite>